<?xml version="1.0" encoding="UTF-8"?>
<!-- Generated by org.testng.reporters.JUnitReportReporter -->
<testsuite skipped="0" hostname="LAPTOP-PATGFM90" name="testcases.Seleniumwebdrivertest" tests="1" failures="0" timestamp="03 Feb 2020 06:13:55 GMT" time="18.028" errors="0">
  <testcase name="verifyHomepageTitle" time="18.028" classname="testcases.Seleniumwebdrivertest"/>
</testsuite> <!-- testcases.Seleniumwebdrivertest -->
