<?xml version="1.0" encoding="UTF-8"?>
<!-- Generated by org.testng.reporters.JUnitReportReporter -->
<testsuite skipped="0" hostname="LAPTOP-PATGFM90" name="B" tests="5" failures="0" timestamp="01 Feb 2020 23:21:22 GMT" time="0.006" errors="0">
  <testcase name="m4" time="0.001" classname="B"/>
  <testcase name="m2" time="0.001" classname="B"/>
  <testcase name="m5" time="0.002" classname="B"/>
  <testcase name="m3" time="0.001" classname="B"/>
  <testcase name="m6" time="0.001" classname="B"/>
</testsuite> <!-- B -->
