<?xml version="1.0" encoding="UTF-8"?>
<!-- Generated by org.testng.reporters.JUnitReportReporter -->
<testsuite skipped="0" hostname="LAPTOP-PATGFM90" name="Firstlogintestcase" tests="3" failures="0" timestamp="31 Jan 2020 06:27:10 GMT" time="0.003" errors="0">
  <testcase name="m2" time="0.001" classname="Firstlogintestcase"/>
  <testcase name="m1" time="0.001" classname="Firstlogintestcase"/>
  <testcase name="m3" time="0.001" classname="Firstlogintestcase"/>
</testsuite> <!-- Firstlogintestcase -->
