<?xml version="1.0" encoding="UTF-8"?>
<!-- Generated by org.testng.reporters.JUnitReportReporter -->
<testsuite skipped="0" hostname="LAPTOP-PATGFM90" name="testcases.Gmaillogin" tests="3" failures="0" timestamp="03 Feb 2020 17:49:20 GMT" time="0.008" errors="0">
  <testcase name="loginPage" time="0.006" classname="testcases.Gmaillogin"/>
  <testcase name="passType" time="0.001" classname="testcases.Gmaillogin"/>
  <testcase name="logOut" time="0.001" classname="testcases.Gmaillogin"/>
</testsuite> <!-- testcases.Gmaillogin -->
