<?xml version="1.0" encoding="UTF-8"?>
<!-- Generated by org.testng.reporters.JUnitReportReporter -->
<testsuite skipped="0" hostname="LAPTOP-PATGFM90" name="testcases.Flipkartdemo" tests="1" failures="0" timestamp="03 Feb 2020 23:06:14 GMT" time="13.042" errors="0">
  <testcase name="openBrowser" time="13.042" classname="testcases.Flipkartdemo"/>
</testsuite> <!-- testcases.Flipkartdemo -->
