<?xml version="1.0" encoding="UTF-8"?>
<!-- Generated by org.testng.reporters.JUnitReportReporter -->
<testsuite skipped="2" hostname="LAPTOP-PATGFM90" name="Testcase" tests="5" failures="0" timestamp="04 Feb 2020 04:00:45 GMT" time="0.009" errors="0">
  <testcase name="m3" time="0.006" classname="Testcase"/>
  <testcase name="m2" time="0.002" classname="Testcase"/>
  <testcase name="m1" time="0.001" classname="Testcase"/>
  <testcase name="m4" classname="Testcase">
    <skipped/>
  </testcase> <!-- m4 -->
  <testcase name="m5" classname="Testcase">
    <skipped/>
  </testcase> <!-- m5 -->
</testsuite> <!-- Testcase -->
