<?xml version="1.0" encoding="UTF-8"?>
<!-- Generated by org.testng.reporters.JUnitReportReporter -->
<testsuite skipped="0" hostname="LAPTOP-PATGFM90" name="C" tests="6" failures="0" timestamp="01 Feb 2020 23:21:22 GMT" time="0.008" errors="0">
  <testcase name="m1" time="0.001" classname="C"/>
  <testcase name="m5" time="0.001" classname="C"/>
  <testcase name="m2" time="0.001" classname="C"/>
  <testcase name="m6" time="0.001" classname="C"/>
  <testcase name="m3" time="0.003" classname="C"/>
  <testcase name="m4" time="0.001" classname="C"/>
</testsuite> <!-- C -->
