<?xml version="1.0" encoding="UTF-8"?>
<!-- Generated by org.testng.reporters.JUnitReportReporter -->
<testsuite skipped="0" hostname="LAPTOP-PATGFM90" name="FirstTestCase" tests="2" failures="0" timestamp="24 Jan 2020 18:54:25 GMT" time="12.789" errors="0">
  <testcase name="TC_02" time="0.002" classname="FirstTestCase"/>
  <testcase name="TC_01" time="12.787" classname="FirstTestCase"/>
</testsuite> <!-- FirstTestCase -->
